<?xml version="1.0" encoding="UTF-8"?>
<!-- Generated by org.testng.reporters.JUnitReportReporter -->
<testsuite hostname="DESKTOP-MBJ7Q79" failures="0" tests="2" name="AutomationLearning.tests.SubmitOrderJsonTest" time="42.521" errors="0" timestamp="2023-08-08T17:56:25 IST" skipped="0">
  <testcase classname="AutomationLearning.tests.SubmitOrderJsonTest" name="submitOrder" time="23.847"/>
  <system-out/>
  <testcase classname="AutomationLearning.tests.SubmitOrderJsonTest" name="submitOrder" time="18.674"/>
  <system-out/>
</testsuite> <!-- AutomationLearning.tests.SubmitOrderJsonTest -->
