<?xml version="1.0" encoding="UTF-8"?>
<!-- Generated by org.testng.reporters.JUnitReportReporter -->
<testsuite hostname="DESKTOP-MBJ7Q79" failures="0" tests="2" name="cucumbertut.TestNGTestRunner" time="48.636" errors="0" timestamp="2023-08-11T17:24:25 IST" skipped="0">
  <testcase classname="cucumbertut.TestNGTestRunner" name="runScenario" time="22.992"/>
  <system-out/>
  <testcase classname="cucumbertut.TestNGTestRunner" name="runScenario" time="25.644"/>
  <system-out/>
</testsuite> <!-- cucumbertut.TestNGTestRunner -->
