<?xml version="1.0" encoding="UTF-8"?>
<!-- Generated by org.testng.reporters.JUnitReportReporter -->
<testsuite hostname="DESKTOP-MBJ7Q79" failures="0" tests="2" name="AutomationLearning.tests.ErrorValidations" time="24.504" errors="0" timestamp="2023-08-08T17:56:25 IST" skipped="0">
  <testcase classname="AutomationLearning.tests.ErrorValidations" name="loginErrorValidation" time="9.392"/>
  <system-out/>
  <testcase classname="AutomationLearning.tests.ErrorValidations" name="productErrorValidation" time="15.112"/>
  <system-out/>
</testsuite> <!-- AutomationLearning.tests.ErrorValidations -->
