<?xml version="1.0" encoding="UTF-8"?>
<!-- Generated by org.testng.reporters.JUnitReportReporter -->
<testsuite hostname="DESKTOP-MBJ7Q79" failures="0" tests="6" name="AutomationLearning.tests.SubmitOrderTest" time="76.913" errors="0" timestamp="03 Aug 2023 12:19:52 GMT" skipped="0">
  <testcase classname="AutomationLearning.tests.SubmitOrderTest" name="submitOrder" time="10.190"/>
  <testcase classname="AutomationLearning.tests.SubmitOrderTest" name="orderHistoryTest" time="9.653"/>
  <testcase classname="AutomationLearning.tests.SubmitOrderTest" name="orderHistoryTest" time="11.534"/>
  <testcase classname="AutomationLearning.tests.SubmitOrderTest" name="submitOrder" time="17.873"/>
  <testcase classname="AutomationLearning.tests.SubmitOrderTest" name="submitOrder" time="18.092"/>
  <testcase classname="AutomationLearning.tests.SubmitOrderTest" name="orderHistoryTest" time="9.571"/>
</testsuite> <!-- AutomationLearning.tests.SubmitOrderTest -->
