<?xml version="1.0" encoding="UTF-8"?>
<!-- Generated by org.testng.reporters.JUnitReportReporter -->
<testsuite hostname="DESKTOP-MBJ7Q79" failures="0" tests="3" name="AutomationLearning.tests.SubmitOrderHashMapTest" time="60.929" errors="0" timestamp="04 Aug 2023 06:16:47 GMT" skipped="0">
  <testcase classname="AutomationLearning.tests.SubmitOrderHashMapTest" name="submitOrder" time="21.856"/>
  <testcase classname="AutomationLearning.tests.SubmitOrderHashMapTest" name="submitOrder" time="20.526"/>
  <testcase classname="AutomationLearning.tests.SubmitOrderHashMapTest" name="submitOrder" time="18.547"/>
</testsuite> <!-- AutomationLearning.tests.SubmitOrderHashMapTest -->
