<?xml version="1.0" encoding="UTF-8"?>
<!-- Generated by org.testng.reporters.JUnitReportReporter -->
<testsuite hostname="DESKTOP-MBJ7Q79" failures="0" tests="1" name="AutomationLearning.tests.StandAloneTestprac" time="19.389" errors="0" timestamp="03 Aug 2023 08:22:29 GMT" skipped="0">
  <testcase classname="AutomationLearning.tests.StandAloneTestprac" name="submitorder" time="19.389"/>
</testsuite> <!-- AutomationLearning.tests.StandAloneTestprac -->
