<?xml version="1.0" encoding="UTF-8"?>
<!-- Generated by org.testng.reporters.JUnitReportReporter -->
<testsuite hostname="DESKTOP-MBJ7Q79" failures="0" tests="2" name="AutomationLearning.tests.SubmitOrderJsonTest" time="43.385" errors="0" timestamp="2023-08-10T12:54:14 IST" skipped="0">
  <testcase classname="AutomationLearning.tests.SubmitOrderJsonTest" name="submitOrder" time="24.793"/>
  <system-out/>
  <testcase classname="AutomationLearning.tests.SubmitOrderJsonTest" name="submitOrder" time="18.592"/>
  <system-out/>
</testsuite> <!-- AutomationLearning.tests.SubmitOrderJsonTest -->
