<?xml version="1.0" encoding="UTF-8"?>
<!-- Generated by org.testng.reporters.JUnitReportReporter -->
<testsuite hostname="DESKTOP-MBJ7Q79" failures="0" tests="2" name="AutomationLearning.tests.ErrorValidations" time="37.516" errors="0" timestamp="2023-08-10T12:54:14 IST" skipped="0">
  <testcase classname="AutomationLearning.tests.ErrorValidations" name="productErrorValidation" time="28.874"/>
  <system-out/>
  <testcase classname="AutomationLearning.tests.ErrorValidations" name="loginErrorValidation" time="8.642"/>
  <system-out/>
</testsuite> <!-- AutomationLearning.tests.ErrorValidations -->
