<?xml version="1.0" encoding="UTF-8"?>
<!-- Generated by org.testng.reporters.JUnitReportReporter -->
<testsuite hostname="DESKTOP-MBJ7Q79" failures="0" tests="2" name="cucumbertut.TestNGTestRunner" time="45.908" errors="0" timestamp="2023-08-11T18:05:26 IST" skipped="0">
  <testcase classname="cucumbertut.TestNGTestRunner" name="runScenario" time="21.345"/>
  <system-out/>
  <testcase classname="cucumbertut.TestNGTestRunner" name="runScenario" time="24.563"/>
  <system-out/>
</testsuite> <!-- cucumbertut.TestNGTestRunner -->
